[INFO ] 2023-03-04 21:28:50.372 [main] class - User click on animation Button
[INFO ] 2023-03-04 21:28:52.578 [main] class - User click on default layout Button
[INFO ] 2023-03-04 21:28:52.644 [main] class - Add button clicked
[INFO ] 2023-03-04 21:28:53.349 [main] class - New button shown
[INFO ] 2023-03-04 21:29:06.100 [main] class - User click on animation Button
[INFO ] 2023-03-04 21:29:21.328 [main] class - User click on animation Button
[INFO ] 2023-03-04 21:29:35.569 [main] class - User click on graphic Button
[INFO ] 2023-03-04 21:29:36.704 [main] class - Animate Drawable Button clicked
[INFO ] 2023-03-04 21:29:36.881 [main] class - Drawable screen visible
[INFO ] 2023-03-04 21:29:49.953 [main] class - User click on graphic Button
[INFO ] 2023-03-04 21:29:51.209 [main] class - Arcs button clicked
[INFO ] 2023-03-04 21:29:51.339 [main] class - Arcs screen vivible
[INFO ] 2023-03-04 21:30:05.492 [main] class - Os button clicked
[INFO ] 2023-03-04 21:30:06.779 [main] class - SMS messaging button clicked
[INFO ] 2023-03-04 21:30:07.607 [main] class - number and message enetered
[INFO ] 2023-03-04 21:30:08.151 [main] class - Send button clciked
[INFO ] 2023-03-04 21:35:04.374 [main] class - User click on animation Button
[INFO ] 2023-03-04 21:35:04.558 [main] class - User click on default layout Button
[INFO ] 2023-03-04 21:35:05.631 [main] class - Add button clicked
[INFO ] 2023-03-04 21:35:06.321 [main] class - New button shown
[INFO ] 2023-03-04 21:35:19.665 [main] class - User click on animation Button
[INFO ] 2023-03-04 21:35:34.558 [main] class - User click on animation Button
[INFO ] 2023-03-04 21:35:49.497 [main] class - User click on graphic Button
[INFO ] 2023-03-04 21:35:49.635 [main] class - Animate Drawable Button clicked
[INFO ] 2023-03-04 21:35:50.786 [main] class - Drawable screen visible
[INFO ] 2023-03-04 21:36:04.242 [main] class - User click on graphic Button
[INFO ] 2023-03-04 21:36:04.377 [main] class - Arcs button clicked
[INFO ] 2023-03-04 21:36:05.648 [main] class - Arcs screen vivible
[INFO ] 2023-03-04 21:36:19.508 [main] class - Os button clicked
[INFO ] 2023-03-04 21:36:20.755 [main] class - SMS messaging button clicked
[INFO ] 2023-03-04 21:36:21.568 [main] class - number and message enetered
[INFO ] 2023-03-04 21:36:22.131 [main] class - Send button clciked
[INFO ] 2023-03-04 23:07:41.151 [main] class - User click on animation Button
[INFO ] 2023-03-04 23:07:53.744 [main] class - User click on animation Button
[INFO ] 2023-03-04 23:08:07.517 [main] class - User click on animation Button
[INFO ] 2023-03-04 23:08:22.747 [main] class - User click on graphic Button
[INFO ] 2023-03-04 23:08:23.906 [main] class - Animate Drawable Button clicked
[INFO ] 2023-03-04 23:08:24.072 [main] class - Drawable screen visible
[INFO ] 2023-03-04 23:08:36.584 [main] class - User click on graphic Button
[INFO ] 2023-03-04 23:08:36.735 [main] class - Arcs button clicked
[INFO ] 2023-03-04 23:08:50.442 [main] class - Os button clicked
[INFO ] 2023-03-04 23:08:50.554 [main] class - SMS messaging button clicked
[INFO ] 2023-03-04 23:08:52.548 [main] class - number and message enetered
[INFO ] 2023-03-04 23:08:53.106 [main] class - Send button clciked
[INFO ] 2023-03-04 23:13:22.097 [main] class - User click on animation Button
[INFO ] 2023-03-04 23:13:24.345 [main] class - User click on default layout Button
[INFO ] 2023-03-04 23:13:24.433 [main] class - Add button clicked
[INFO ] 2023-03-04 23:13:25.145 [main] class - New button shown
[INFO ] 2023-03-04 23:13:36.482 [main] class - User click on animation Button
[INFO ] 2023-03-04 23:13:50.693 [main] class - User click on animation Button
[INFO ] 2023-03-04 23:14:05.434 [main] class - User click on graphic Button
[INFO ] 2023-03-04 23:14:05.547 [main] class - Animate Drawable Button clicked
[INFO ] 2023-03-04 23:14:06.692 [main] class - Drawable screen visible
[INFO ] 2023-03-04 23:14:19.456 [main] class - User click on graphic Button
[INFO ] 2023-03-04 23:14:20.645 [main] class - Arcs button clicked
[INFO ] 2023-03-04 23:14:33.178 [main] class - Os button clicked
[INFO ] 2023-03-04 23:14:34.434 [main] class - SMS messaging button clicked
[INFO ] 2023-03-04 23:14:35.268 [main] class - number and message enetered
[INFO ] 2023-03-04 23:14:35.813 [main] class - Send button clciked
